2023-09-06 17:08:14-log: [Package] menu@1.0.0 enable
2023-09-06 17:08:14-log: [Package] profile@1.0.0 enable
2023-09-06 17:08:14-log: [Package] project@1.0.1 enable
2023-09-06 17:08:14-log: [Package] messages@1.0.0 enable
2023-09-06 17:08:14-log: [Package] program@1.0.0 enable
2023-09-06 17:08:14-log: [Package] device@1.0.1 enable
2023-09-06 17:08:14-log: [Package] ui-kit@1.0.1 enable
2023-09-06 17:08:14-log: [Package] tester@1.0.0 enable
2023-09-06 17:08:14-log: [Package] preferences@1.0.0 enable
2023-09-06 17:08:15-log: Setup mods mgr.: 293.314ms
2023-09-06 17:08:15-log: Profile changed: engine (modules.includeModules: audio,base,gfx-webgl,intersection-2d,physics-2d-box2d,profiler,tween,ui)
2023-09-06 17:08:15-log: [Package] engine@1.0.5 enable
2023-09-06 17:08:16-log: [Package] programming@1.0.0 enable
2023-09-06 17:08:17-log: [Package] engine-extends@1.0.0 enable
2023-09-06 17:08:17-log: [Package] asset-db@1.0.0 enable
2023-09-06 17:08:17-log: [Package] console@1.0.0 enable
2023-09-06 17:08:17-log: [Package] scene@1.0.0 enable
2023-09-06 17:08:17-log: [Package] about@1.0.0 enable
2023-09-06 17:08:17-log: [Package] server@1.0.0 enable
2023-09-06 17:08:17-log: [Package] utils@1.0.0 enable
2023-09-06 17:08:17-log: [Package] assets@1.0.0 enable
2023-09-06 17:08:17-log: [Package] inspector@1.0.0 enable
2023-09-06 17:08:17-log: [Package] hierarchy@1.0.0 enable
2023-09-06 17:08:19-log: [Package] preview@1.0.1 enable
2023-09-06 17:08:19-log: [Package] animator@1.0.0 enable
2023-09-06 17:08:20-log: [Package] builder@1.3.1 enable
2023-09-06 17:08:20-log: [Package] node-library@1.0.0 enable
2023-09-06 17:08:20-log: [Package] shortcuts@1.0.1 enable
2023-09-06 17:08:20-log: [Package] package-asset@1.0.0 enable
2023-09-06 17:08:20-log: [Package] reference-image@1.0.0 enable
2023-09-06 17:08:20-log: [Package] animation-graph@1.0.0 enable
2023-09-06 17:08:20-log: [Package] channel-upload-tools@1.0.0 enable
2023-09-06 17:08:20-log: [Package] runtime-dev-tools@1.0.0 enable
2023-09-06 17:08:20-log: [Package] lightmap@1.0.4 enable
2023-09-06 17:08:20-log: [Package] alipay-mini-game@1.0.0 enable
2023-09-06 17:08:20-log: [Package] android@1.0.0 enable
2023-09-06 17:08:20-log: [Package] baidu-mini-game@1.0.0 enable
2023-09-06 17:08:20-log: [Package] bytedance-mini-game@1.0.1 enable
2023-09-06 17:08:20-log: [Package] huawei-agc@1.0.0 enable
2023-09-06 17:08:20-log: [Package] ios@1.0.0 enable
2023-09-06 17:08:20-log: [Package] ios-app-clip@1.0.0 enable
2023-09-06 17:08:20-log: [Package] mac@1.0.0 enable
2023-09-06 17:08:20-log: [Package] native@1.0.0 enable
2023-09-06 17:08:20-log: [Package] ohos@1.0.0 enable
2023-09-06 17:08:20-log: [Package] web-desktop@1.0.0 enable
2023-09-06 17:08:20-log: [Package] web-mobile@1.0.0 enable
2023-09-06 17:08:20-log: [Package] wechatgame@1.0.1 enable
2023-09-06 17:08:20-log: [Package] windows@1.0.0 enable
2023-09-06 17:08:20-log: [Package] xiaomi-quick-game@1.0.0 enable
2023-09-06 17:08:20-log: [Package] cocos-play@1.0.0 enable
2023-09-06 17:08:20-log: [Package] huawei-quick-game@1.0.0 enable
2023-09-06 17:08:21-log: [Package] link-sure@1.0.0 enable
2023-09-06 17:08:21-log: [Package] oppo-mini-game@1.0.0 enable
2023-09-06 17:08:21-log: [Package] qtt@1.0.0 enable
2023-09-06 17:08:21-log: [Package] vivo-mini-game@1.0.0 enable
2023-09-06 17:08:21-log: [Package] cocos-service@3.0.2 enable
2023-09-06 17:08:21-log: [Package] importer@1.0.0 enable
2023-09-06 17:08:21-log: [Package] extension@3.0.15 enable
2023-09-06 17:08:22-log: [Im-plugin] Check im-plugin version.
2023-09-06 17:08:22-log: [Package] im-plugin@3.0.10 enable
2023-09-06 17:08:22-warn: Browserslist: caniuse-lite is outdated. Please run:
npx browserslist@latest --update-db

Why you should do it regularly:
https://github.com/browserslist/browserslist#browsers-data-updating
2023-09-06 17:08:23-log: [Scene] Cocos Creator v3.4.2
2023-09-06 17:08:23-info: [Scene] Forward render pipeline initialized.
2023-09-06 17:08:24-log: [Im-plugin] Im-plugin online version is 3.0.10.
2023-09-06 17:08:24-log: [Im-plugin] Im-plugin local version is 3.0.10.
2023-09-06 17:08:24-log: [Im-plugin] Im-plugin need not update.
2023-09-06 17:08:36-warn: [Build] Browserslist: caniuse-lite is outdated. Please run:
npx browserslist@latest --update-db
2023-09-06 17:08:37-warn: [Build] Browserslist: caniuse-lite is outdated. Please run:
npx browserslist@latest --update-db

Why you should do it regularly:
https://github.com/browserslist/browserslist#browsers-data-updating
2023-09-06 17:08:48-error: [Build] Could not load node:path (imported by file:///C:/CocosProject/3.4.2_MarkSix/assets/Plug/setCompressPNG.js): ENOENT: no such file or directory, open 'C:\CocosDashboard_2.0.1\node:path'
2023-09-06 17:08:48-error: [Build] Could not load node:path (imported by file:///C:/CocosProject/3.4.2_MarkSix/assets/Plug/setCompressPNG.js): ENOENT: no such file or directory, open 'C:\CocosDashboard_2.0.1\node:path'
2023-09-06 17:09:09-error: Failed to load module node:fs: Error: Access to module node:fs is denied..
2023-09-06 17:09:09-warn: Seems like you're attempted to import a Node.js builtin module. Note, Node.js builtin modules are not integrated within Creator.
2023-09-06 17:09:09-error: Failed to load module node:path: Error: Access to module node:path is denied..
2023-09-06 17:09:09-warn: Seems like you're attempted to import a Node.js builtin module. Note, Node.js builtin modules are not integrated within Creator.
2023-09-06 17:09:09-error: Failed to load module node:fs: Error: Access to module node:fs is denied..
2023-09-06 17:09:09-warn: Seems like you're attempted to import a Node.js builtin module. Note, Node.js builtin modules are not integrated within Creator.
2023-09-06 17:09:09-error: Failed to load module node:path: Error: Access to module node:path is denied..
2023-09-06 17:09:09-warn: Seems like you're attempted to import a Node.js builtin module. Note, Node.js builtin modules are not integrated within Creator.
2023-09-06 17:09:09-error: [Scene] Failed to resolve fs from pack:///mods/fs/0/assets/Plug/setCompressPNG.js.
2023-09-06 17:09:14-error: [Build] Failed to resolve fs from pack:///mods/fs/0/assets/Plug/setCompressPNG.js.
2023-09-06 17:09:24-error: [Build] Could not load node:path (imported by file:///C:/CocosProject/3.4.2_MarkSix/assets/Plug/setCompressPNG.js): ENOENT: no such file or directory, open 'C:\CocosDashboard_2.0.1\node:path'
2023-09-06 17:09:24-error: [Build] Could not load node:path (imported by file:///C:/CocosProject/3.4.2_MarkSix/assets/Plug/setCompressPNG.js): ENOENT: no such file or directory, open 'C:\CocosDashboard_2.0.1\node:path'
2023-09-06 17:09:57-error: [Build] Could not load node:fs (imported by file:///C:/CocosProject/3.4.2_MarkSix/assets/Plug/setCompressPNG.js): ENOENT: no such file or directory, open 'C:\CocosDashboard_2.0.1\node:fs'
2023-09-06 17:09:57-error: [Build] Could not load node:fs (imported by file:///C:/CocosProject/3.4.2_MarkSix/assets/Plug/setCompressPNG.js): ENOENT: no such file or directory, open 'C:\CocosDashboard_2.0.1\node:fs'
2023-09-06 17:20:03-log: Use preview template {link(C:\CocosProject\3.4.2_MarkSix\preview-template\index.ejs)}
2023-09-06 17:20:31-log: Use preview template {link(C:\CocosProject\3.4.2_MarkSix\preview-template\index.ejs)}
2023-09-06 17:22:50-log: Use preview template {link(C:\CocosProject\3.4.2_MarkSix\preview-template\index.ejs)}
2023-09-06 17:23:52-warn: [Window] Invalid config name!
2023-09-06 17:35:29-error: Failed to load module node:fs: Error: Access to module node:fs is denied..
2023-09-06 17:35:29-warn: Seems like you're attempted to import a Node.js builtin module. Note, Node.js builtin modules are not integrated within Creator.
2023-09-06 17:35:29-error: Failed to load module node:path: Error: Access to module node:path is denied..
2023-09-06 17:35:29-warn: Seems like you're attempted to import a Node.js builtin module. Note, Node.js builtin modules are not integrated within Creator.
2023-09-06 17:35:29-error: Failed to load module node:fs: Error: Access to module node:fs is denied..
2023-09-06 17:35:29-warn: Seems like you're attempted to import a Node.js builtin module. Note, Node.js builtin modules are not integrated within Creator.
2023-09-06 17:35:29-error: Failed to load module node:path: Error: Access to module node:path is denied..
2023-09-06 17:35:29-warn: Seems like you're attempted to import a Node.js builtin module. Note, Node.js builtin modules are not integrated within Creator.
2023-09-06 17:35:29-error: [Scene] Failed to resolve fs from pack:///mods/fs/0/assets/Plug/setCompressPNG/setCompressPNG.js.
2023-09-06 17:37:09-error: Failed to load module node:fs: Error: Access to module node:fs is denied..
2023-09-06 17:37:09-warn: Seems like you're attempted to import a Node.js builtin module. Note, Node.js builtin modules are not integrated within Creator.
2023-09-06 17:37:09-error: Failed to load module node:path: Error: Access to module node:path is denied..
2023-09-06 17:37:09-warn: Seems like you're attempted to import a Node.js builtin module. Note, Node.js builtin modules are not integrated within Creator.
2023-09-06 17:37:10-error: Failed to load module node:fs: Error: Access to module node:fs is denied..
2023-09-06 17:37:10-warn: Seems like you're attempted to import a Node.js builtin module. Note, Node.js builtin modules are not integrated within Creator.
2023-09-06 17:37:10-error: Failed to load module node:path: Error: Access to module node:path is denied..
2023-09-06 17:37:10-warn: Seems like you're attempted to import a Node.js builtin module. Note, Node.js builtin modules are not integrated within Creator.
2023-09-06 17:37:10-error: [Scene] Failed to resolve fs from pack:///mods/fs/0/assets/Plug/setCompressPNG/setCompressPNG.js.
2023-09-06 17:38:34-warn: [Window] Load thumbnail failed: db://assets/Image/img_gift.jpg
2023-09-06 17:43:36-error: [Build] Failed to resolve fs from pack:///mods/fs/0/assets/Plug/setCompressPNG/setCompressPNG.js.
2023-09-06 17:43:36-error: [Build] Asset({asset(956934c9-7531-4238-9a5a-fc6b43c9d18f@f9941)}) required by Asset({asset(db://assets/Scene/Lobby.scene)}) is missing，Please check whether the asset failed to import or was deleted by mistake.
2023-09-06 17:43:47-error: [Build] Could not load node:fs (imported by file:///C:/CocosProject/3.4.2_MarkSix/assets/Plug/setCompressPNG/setCompressPNG.js): ENOENT: no such file or directory, open 'C:\CocosDashboard_2.0.1\node:fs'
2023-09-06 17:43:47-error: [Build] Could not load node:fs (imported by file:///C:/CocosProject/3.4.2_MarkSix/assets/Plug/setCompressPNG/setCompressPNG.js): ENOENT: no such file or directory, open 'C:\CocosDashboard_2.0.1\node:fs'
2023-09-06 17:44:02-error: db removeFile fail: Error: Operation was aborted
2023-09-06 17:44:02-error: [Asset DB] ENOENT: no such file or directory, stat 'C:\CocosProject\3.4.2_MarkSix\assets\Plug\setCompressPNG.meta'
2023-09-06 17:44:03-error: [Asset DB] ENOENT: no such file or directory, stat 'C:\CocosProject\3.4.2_MarkSix\assets\Plug\setCompressPNG.meta'
2023-09-06 17:44:03-error: [Asset DB] ENOENT: no such file or directory, stat 'C:\CocosProject\3.4.2_MarkSix\assets\Plug\setCompressPNG.meta'
2023-09-06 17:44:07-error: [Asset DB] ENOENT: no such file or directory, stat 'C:\CocosProject\3.4.2_MarkSix\assets\Plug\setCompressPNG.meta'
2023-09-06 17:44:11-error: [Asset DB] Importer exec failed: {asset[C:\CocosProject\3.4.2_MarkSix\assets\Plug\setCompressPNG\使用說明.txt](65f7c8c5-604a-46cb-8ff6-ec98ac331983)}
2023-09-06 17:44:11-error: [Asset DB] ENOENT: no such file or directory, open 'C:\CocosProject\3.4.2_MarkSix\assets\Plug\setCompressPNG\使用說明.txt'
2023-09-06 17:44:11-error: [Asset DB] Importer exec failed: {asset[C:\CocosProject\3.4.2_MarkSix\assets\Plug\setCompressPNG\使用說明.txt](65f7c8c5-604a-46cb-8ff6-ec98ac331983)}
2023-09-06 17:44:11-error: [Asset DB] ENOENT: no such file or directory, open 'C:\CocosProject\3.4.2_MarkSix\assets\Plug\setCompressPNG\使用說明.txt'
2023-09-06 17:44:12-error: [Scene] The Asset used by component "cc.Sprite" is missing. Detailed information:
Missing uuid: "956934c9-7531-4238-9a5a-fc6b43c9d18f@f9941"

2023-09-06 17:44:29-error: [Build] Asset({asset(956934c9-7531-4238-9a5a-fc6b43c9d18f@f9941)}) required by Asset({asset(db://assets/Scene/Lobby.scene)}) is missing，Please check whether the asset failed to import or was deleted by mistake.
2023-09-06 17:44:44-error: [Build] Asset({asset(45e4a202-9a2b-4605-8f2c-970d3e4491cc)}) required by Asset({asset(db://assets/Scene/Lobby.scene)}) is missing，Please check whether the asset failed to import or was deleted by mistake.
2023-09-06 17:44:44-error: [Build] Asset(956934c9-7531-4238-9a5a-fc6b43c9d18f@f9941) required by Asset(db://assets/Scene/Lobby.scene) is missing，Please check whether the asset failed to import or was deleted by mistake.
2023-09-06 17:46:50-error: [Build] Asset({asset(956934c9-7531-4238-9a5a-fc6b43c9d18f@f9941)}) required by Asset({asset(db://assets/Scene/Lobby.scene)}) is missing，Please check whether the asset failed to import or was deleted by mistake.
2023-09-06 17:47:07-error: [Build] Asset({asset(45e4a202-9a2b-4605-8f2c-970d3e4491cc)}) required by Asset({asset(db://assets/Scene/Lobby.scene)}) is missing，Please check whether the asset failed to import or was deleted by mistake.
2023-09-06 17:47:07-error: [Build] Asset(956934c9-7531-4238-9a5a-fc6b43c9d18f@f9941) required by Asset(db://assets/Scene/Lobby.scene) is missing，Please check whether the asset failed to import or was deleted by mistake.
